<?xml version="1.0" encoding="UTF-8"?>
<!-- Generated by org.testng.reporters.JUnitXMLReporter -->
<testsuite hostname="Malikas-Air" ignored="0" name="Default test" tests="4" failures="0" timestamp="2020-08-29T11:16:43 EDT" time="0.119" errors="0">
  <testcase name="testFour" time="0.012" classname="com.syntax.class01.TestNgIntro"/>
  <testcase name="testOne" time="0.003" classname="com.syntax.class01.TestNgIntro"/>
  <testcase name="testThree" time="0.002" classname="com.syntax.class01.TestNgIntro"/>
  <testcase name="testTwo" time="0.002" classname="com.syntax.class01.TestNgIntro"/>
</testsuite> <!-- Default test -->
